<?xml version="1.0" encoding="UTF-8" ?>
<testsuite failures="0" time="0.702" errors="0" skipped="0" tests="2" name="com.sampleapp.wicket.TestWicketPages">
  <properties>
    <property name="java.runtime.name" value="Java(TM) SE Runtime Environment"/>
    <property name="sun.boot.library.path" value="/System/Library/Frameworks/JavaVM.framework/Versions/1.6.0/Libraries"/>
    <property name="java.vm.version" value="16.3-b01-279"/>
    <property name="awt.nativeDoubleBuffering" value="true"/>
    <property name="gopherProxySet" value="false"/>
    <property name="mrj.build" value="10M3065"/>
    <property name="java.vm.vendor" value="Apple Inc."/>
    <property name="java.vendor.url" value="http://www.apple.com/"/>
    <property name="path.separator" value=":"/>
    <property name="java.vm.name" value="Java HotSpot(TM) 64-Bit Server VM"/>
    <property name="file.encoding.pkg" value="sun.io"/>
    <property name="user.country" value="US"/>
    <property name="sun.java.launcher" value="SUN_STANDARD"/>
    <property name="sun.os.patch.level" value="unknown"/>
    <property name="java.vm.specification.name" value="Java Virtual Machine Specification"/>
    <property name="user.dir" value="/Users/tom/NetBeansProjects/sample_app_abstractbase"/>
    <property name="java.runtime.version" value="1.6.0_20-b02-279-10M3065"/>
    <property name="java.awt.graphicsenv" value="apple.awt.CGraphicsEnvironment"/>
    <property name="basedir" value="/Users/tom/NetBeansProjects/sample_app_abstractbase"/>
    <property name="java.endorsed.dirs" value="/System/Library/Frameworks/JavaVM.framework/Versions/1.6.0/Home/lib/endorsed"/>
    <property name="os.arch" value="x86_64"/>
    <property name="surefire.real.class.path" value="/var/folders/CP/CPEURypTGTGdfKmonEVdzE+++TI/-Tmp-/surefirebooter5230145585054299900.jar"/>
    <property name="java.io.tmpdir" value="/var/folders/CP/CPEURypTGTGdfKmonEVdzE+++TI/-Tmp-/"/>
    <property name="line.separator" value="
"/>
    <property name="java.vm.specification.vendor" value="Sun Microsystems Inc."/>
    <property name="os.name" value="Mac OS X"/>
    <property name="sun.jnu.encoding" value="MacRoman"/>
    <property name="java.library.path" value=".:/Library/Java/Extensions:/System/Library/Java/Extensions:/usr/lib/java"/>
    <property name="surefire.test.class.path" value="/Users/tom/NetBeansProjects/sample_app_abstractbase/target/test-classes:/Users/tom/NetBeansProjects/sample_app_abstractbase/target/classes:/Users/tom/.m2/repository/org/apache/wicket/wicket/1.4.12/wicket-1.4.12.jar:/Users/tom/.m2/repository/org/slf4j/slf4j-api/1.5.11/slf4j-api-1.5.11.jar:/Users/tom/.m2/repository/org/apache/wicket/wicket-spring/1.4.12/wicket-spring-1.4.12.jar:/Users/tom/.m2/repository/org/apache/wicket/wicket-ioc/1.4.12/wicket-ioc-1.4.12.jar:/Users/tom/.m2/repository/cglib/cglib-nodep/2.1_3/cglib-nodep-2.1_3.jar:/Users/tom/.m2/repository/org/slf4j/slf4j-log4j12/1.5.11/slf4j-log4j12-1.5.11.jar:/Users/tom/.m2/repository/log4j/log4j/1.2.14/log4j-1.2.14.jar:/Users/tom/.m2/repository/org/slf4j/jcl-over-slf4j/1.5.11/jcl-over-slf4j-1.5.11.jar:/Users/tom/.m2/repository/hsqldb/hsqldb/1.8.0.10/hsqldb-1.8.0.10.jar:/Users/tom/.m2/repository/org/springframework/spring-context/3.0.4.RELEASE/spring-context-3.0.4.RELEASE.jar:/Users/tom/.m2/repository/org/springframework/spring-aop/3.0.4.RELEASE/spring-aop-3.0.4.RELEASE.jar:/Users/tom/.m2/repository/aopalliance/aopalliance/1.0/aopalliance-1.0.jar:/Users/tom/.m2/repository/org/springframework/spring-asm/3.0.4.RELEASE/spring-asm-3.0.4.RELEASE.jar:/Users/tom/.m2/repository/org/springframework/spring-beans/3.0.4.RELEASE/spring-beans-3.0.4.RELEASE.jar:/Users/tom/.m2/repository/org/springframework/spring-core/3.0.4.RELEASE/spring-core-3.0.4.RELEASE.jar:/Users/tom/.m2/repository/org/springframework/spring-expression/3.0.4.RELEASE/spring-expression-3.0.4.RELEASE.jar:/Users/tom/.m2/repository/org/springframework/spring-orm/3.0.4.RELEASE/spring-orm-3.0.4.RELEASE.jar:/Users/tom/.m2/repository/org/springframework/spring-jdbc/3.0.4.RELEASE/spring-jdbc-3.0.4.RELEASE.jar:/Users/tom/.m2/repository/org/springframework/spring-tx/3.0.4.RELEASE/spring-tx-3.0.4.RELEASE.jar:/Users/tom/.m2/repository/org/springframework/spring-web/3.0.4.RELEASE/spring-web-3.0.4.RELEASE.jar:/Users/tom/.m2/repository/commons-dbcp/commons-dbcp/1.4/commons-dbcp-1.4.jar:/Users/tom/.m2/repository/commons-pool/commons-pool/1.5.4/commons-pool-1.5.4.jar:/Users/tom/.m2/repository/org/mortbay/jetty/jetty/6.1.25/jetty-6.1.25.jar:/Users/tom/.m2/repository/org/mortbay/jetty/jetty-util/6.1.25/jetty-util-6.1.25.jar:/Users/tom/.m2/repository/org/mortbay/jetty/servlet-api/2.5-20081211/servlet-api-2.5-20081211.jar:/Users/tom/.m2/repository/junit/junit/4.8.1/junit-4.8.1.jar:/Users/tom/.m2/repository/org/mockito/mockito-core/1.8.2/mockito-core-1.8.2.jar:/Users/tom/.m2/repository/org/hamcrest/hamcrest-core/1.1/hamcrest-core-1.1.jar:/Users/tom/.m2/repository/org/objenesis/objenesis/1.0/objenesis-1.0.jar:/Users/tom/.m2/repository/org/springframework/spring-test/3.0.4.RELEASE/spring-test-3.0.4.RELEASE.jar:/Users/tom/.m2/repository/mysql/mysql-connector-java/5.1.13/mysql-connector-java-5.1.13.jar:/Users/tom/.m2/repository/com/google/code/gson/gson/1.4/gson-1.4.jar:/Users/tom/.m2/repository/org/datanucleus/datanucleus-core/2.1.0-release/datanucleus-core-2.1.0-release.jar:/Users/tom/.m2/repository/javax/jdo/jdo2-api/2.3-eb/jdo2-api-2.3-eb.jar:/Users/tom/.m2/repository/javax/transaction/transaction-api/1.1/transaction-api-1.1.jar:/Users/tom/.m2/repository/org/datanucleus/datanucleus-rdbms/2.1.0-release/datanucleus-rdbms-2.1.0-release.jar:"/>
    <property name="java.specification.name" value="Java Platform API Specification"/>
    <property name="java.class.version" value="50.0"/>
    <property name="sun.management.compiler" value="HotSpot 64-Bit Server Compiler"/>
    <property name="os.version" value="10.6.4"/>
    <property name="http.nonProxyHosts" value="local|*.local|169.254/16|*.169.254/16"/>
    <property name="user.home" value="/Users/tom"/>
    <property name="user.timezone" value="Europe/London"/>
    <property name="java.awt.printerjob" value="apple.awt.CPrinterJob"/>
    <property name="java.specification.version" value="1.6"/>
    <property name="file.encoding" value="MacRoman"/>
    <property name="user.name" value="tom"/>
    <property name="java.class.path" value="/Users/tom/NetBeansProjects/sample_app_abstractbase/target/test-classes:/Users/tom/NetBeansProjects/sample_app_abstractbase/target/classes:/Users/tom/.m2/repository/org/apache/wicket/wicket/1.4.12/wicket-1.4.12.jar:/Users/tom/.m2/repository/org/slf4j/slf4j-api/1.5.11/slf4j-api-1.5.11.jar:/Users/tom/.m2/repository/org/apache/wicket/wicket-spring/1.4.12/wicket-spring-1.4.12.jar:/Users/tom/.m2/repository/org/apache/wicket/wicket-ioc/1.4.12/wicket-ioc-1.4.12.jar:/Users/tom/.m2/repository/cglib/cglib-nodep/2.1_3/cglib-nodep-2.1_3.jar:/Users/tom/.m2/repository/org/slf4j/slf4j-log4j12/1.5.11/slf4j-log4j12-1.5.11.jar:/Users/tom/.m2/repository/log4j/log4j/1.2.14/log4j-1.2.14.jar:/Users/tom/.m2/repository/org/slf4j/jcl-over-slf4j/1.5.11/jcl-over-slf4j-1.5.11.jar:/Users/tom/.m2/repository/hsqldb/hsqldb/1.8.0.10/hsqldb-1.8.0.10.jar:/Users/tom/.m2/repository/org/springframework/spring-context/3.0.4.RELEASE/spring-context-3.0.4.RELEASE.jar:/Users/tom/.m2/repository/org/springframework/spring-aop/3.0.4.RELEASE/spring-aop-3.0.4.RELEASE.jar:/Users/tom/.m2/repository/aopalliance/aopalliance/1.0/aopalliance-1.0.jar:/Users/tom/.m2/repository/org/springframework/spring-asm/3.0.4.RELEASE/spring-asm-3.0.4.RELEASE.jar:/Users/tom/.m2/repository/org/springframework/spring-beans/3.0.4.RELEASE/spring-beans-3.0.4.RELEASE.jar:/Users/tom/.m2/repository/org/springframework/spring-core/3.0.4.RELEASE/spring-core-3.0.4.RELEASE.jar:/Users/tom/.m2/repository/org/springframework/spring-expression/3.0.4.RELEASE/spring-expression-3.0.4.RELEASE.jar:/Users/tom/.m2/repository/org/springframework/spring-orm/3.0.4.RELEASE/spring-orm-3.0.4.RELEASE.jar:/Users/tom/.m2/repository/org/springframework/spring-jdbc/3.0.4.RELEASE/spring-jdbc-3.0.4.RELEASE.jar:/Users/tom/.m2/repository/org/springframework/spring-tx/3.0.4.RELEASE/spring-tx-3.0.4.RELEASE.jar:/Users/tom/.m2/repository/org/springframework/spring-web/3.0.4.RELEASE/spring-web-3.0.4.RELEASE.jar:/Users/tom/.m2/repository/commons-dbcp/commons-dbcp/1.4/commons-dbcp-1.4.jar:/Users/tom/.m2/repository/commons-pool/commons-pool/1.5.4/commons-pool-1.5.4.jar:/Users/tom/.m2/repository/org/mortbay/jetty/jetty/6.1.25/jetty-6.1.25.jar:/Users/tom/.m2/repository/org/mortbay/jetty/jetty-util/6.1.25/jetty-util-6.1.25.jar:/Users/tom/.m2/repository/org/mortbay/jetty/servlet-api/2.5-20081211/servlet-api-2.5-20081211.jar:/Users/tom/.m2/repository/junit/junit/4.8.1/junit-4.8.1.jar:/Users/tom/.m2/repository/org/mockito/mockito-core/1.8.2/mockito-core-1.8.2.jar:/Users/tom/.m2/repository/org/hamcrest/hamcrest-core/1.1/hamcrest-core-1.1.jar:/Users/tom/.m2/repository/org/objenesis/objenesis/1.0/objenesis-1.0.jar:/Users/tom/.m2/repository/org/springframework/spring-test/3.0.4.RELEASE/spring-test-3.0.4.RELEASE.jar:/Users/tom/.m2/repository/mysql/mysql-connector-java/5.1.13/mysql-connector-java-5.1.13.jar:/Users/tom/.m2/repository/com/google/code/gson/gson/1.4/gson-1.4.jar:/Users/tom/.m2/repository/org/datanucleus/datanucleus-core/2.1.0-release/datanucleus-core-2.1.0-release.jar:/Users/tom/.m2/repository/javax/jdo/jdo2-api/2.3-eb/jdo2-api-2.3-eb.jar:/Users/tom/.m2/repository/javax/transaction/transaction-api/1.1/transaction-api-1.1.jar:/Users/tom/.m2/repository/org/datanucleus/datanucleus-rdbms/2.1.0-release/datanucleus-rdbms-2.1.0-release.jar:"/>
    <property name="java.vm.specification.version" value="1.0"/>
    <property name="sun.arch.data.model" value="64"/>
    <property name="java.home" value="/System/Library/Frameworks/JavaVM.framework/Versions/1.6.0/Home"/>
    <property name="java.specification.vendor" value="Sun Microsystems Inc."/>
    <property name="user.language" value="en"/>
    <property name="awt.toolkit" value="apple.awt.CToolkit"/>
    <property name="java.vm.info" value="mixed mode"/>
    <property name="java.version" value="1.6.0_20"/>
    <property name="java.ext.dirs" value="/Library/Java/Extensions:/System/Library/Java/Extensions:/System/Library/Frameworks/JavaVM.framework/Versions/1.6.0/Home/lib/ext"/>
    <property name="sun.boot.class.path" value="/System/Library/Frameworks/JavaVM.framework/Versions/1.6.0/Classes/jsfd.jar:/System/Library/Frameworks/JavaVM.framework/Versions/1.6.0/Classes/classes.jar:/System/Library/Frameworks/JavaVM.framework/Frameworks/JavaRuntimeSupport.framework/Resources/Java/JavaRuntimeSupport.jar:/System/Library/Frameworks/JavaVM.framework/Versions/1.6.0/Classes/ui.jar:/System/Library/Frameworks/JavaVM.framework/Versions/1.6.0/Classes/laf.jar:/System/Library/Frameworks/JavaVM.framework/Versions/1.6.0/Classes/sunrsasign.jar:/System/Library/Frameworks/JavaVM.framework/Versions/1.6.0/Classes/jsse.jar:/System/Library/Frameworks/JavaVM.framework/Versions/1.6.0/Classes/jce.jar:/System/Library/Frameworks/JavaVM.framework/Versions/1.6.0/Classes/charsets.jar"/>
    <property name="java.vendor" value="Apple Inc."/>
    <property name="localRepository" value="/Users/tom/.m2/repository"/>
    <property name="file.separator" value="/"/>
    <property name="java.vendor.url.bug" value="http://bugreport.apple.com/"/>
    <property name="sun.cpu.endian" value="little"/>
    <property name="sun.io.unicode.encoding" value="UnicodeLittle"/>
    <property name="mrj.version" value="1060.1.6.0_20-279"/>
    <property name="socksNonProxyHosts" value="local|*.local|169.254/16|*.169.254/16"/>
    <property name="ftp.nonProxyHosts" value="local|*.local|169.254/16|*.169.254/16"/>
    <property name="sun.cpu.isalist" value=""/>
  </properties>
  <testcase time="0.524" classname="com.sampleapp.wicket.TestWicketPages" name="testStartPage"/>
  <testcase time="0.163" classname="com.sampleapp.wicket.TestWicketPages" name="testEventPage"/>
</testsuite>